<?xml version="1.0" encoding="UTF-8" ?>
<testsuite errors="1" failures="0" hostname="monolith" name="net.transformatorhuis.chess.BoardTest" tests="5" time="10.532" timestamp="2009-06-26T20:27:11">
  <properties>
[...]
</properties>
  <testcase classname="net.transformatorhuis.chess.BoardTest" name="testCreate" time="0.019" />
  <testcase classname="net.transformatorhuis.chess.BoardTest" name="testCount" time="0.0030" />
  <testcase classname="net.transformatorhuis.chess.BoardTest" name="testGetPiece" time="0.0010" />
  <testcase classname="net.transformatorhuis.chess.BoardTest" name="setPiece" time="0.011" />
  <testcase classname="net.transformatorhuis.chess.BoardTest" name="testRelativeStrength" time="10.284">
    <error type="java.lang.NullPointerException">java.lang.NullPointerException
	at net.transformatorhuis.chess.Board.getBlackStrength(Board.java:130)
	at net.transformatorhuis.chess.BoardTest.testRelativeStrength(BoardTest.java:87)
</error>
  </testcase>
  <system-out><![CDATA[........
........
........
........
........
........
........
........

........
........
.K......
.R......
..k.....
........
........
........

]]></system-out>
  <system-err><![CDATA[]]></system-err>
</testsuite>
